<?xml version="1.0" encoding="UTF-8"?>
<!-- Generated by org.testng.reporters.JUnitReportReporter -->
<testsuite hostname="LAPTOP-INQHA09L" failures="0" tests="1" name="com.Inetbanking.testCases.TC_AddCustomerTest_03" time="15.241" errors="0" timestamp="2021-08-09T10:13:51 IST" skipped="0">
  <testcase classname="com.Inetbanking.testCases.TC_AddCustomerTest_03" name="addNewCustomer" time="15.241"/>
  <system-out/>
</testsuite> <!-- com.Inetbanking.testCases.TC_AddCustomerTest_03 -->
