<?xml version="1.0" encoding="UTF-8"?>
<!-- Generated by org.testng.reporters.JUnitReportReporter -->
<testsuite hostname="LAPTOP-INQHA09L" failures="0" tests="1" name="com.Inetbanking.testCases.TC_LoginTest_01" time="2.489" errors="0" timestamp="2021-08-09T12:36:34 IST" skipped="0">
  <testcase classname="com.Inetbanking.testCases.TC_LoginTest_01" name="loginTest" time="2.489"/>
  <system-out/>
</testsuite> <!-- com.Inetbanking.testCases.TC_LoginTest_01 -->
