<?xml version="1.0" encoding="UTF-8"?>
<!-- Generated by org.testng.reporters.JUnitReportReporter -->
<testsuite hostname="LAPTOP-INQHA09L" failures="0" tests="1" name="com.Inetbanking.testCases.TC_AddCustomerTest_03" time="20.720" errors="0" timestamp="2021-08-09T12:36:34 IST" skipped="0">
  <testcase classname="com.Inetbanking.testCases.TC_AddCustomerTest_03" name="addNewCustomer" time="20.720"/>
  <system-out/>
</testsuite> <!-- com.Inetbanking.testCases.TC_AddCustomerTest_03 -->
